<?xml version="1.0" encoding="UTF-8"?>
<testsuite xmlns:xsi="http://www.w3.org/2001/XMLSchema-instance" xsi:noNamespaceSchemaLocation="https://maven.apache.org/surefire/maven-surefire-plugin/xsd/surefire-test-report.xsd" version="3.0.1" name="com.compi.DemoLexerTest" time="0.021" tests="3" errors="0" skipped="0" failures="0">
  <properties>
[...]
</properties>
  <testcase name="matchNum" classname="com.compi.DemoLexerTest" time="0.009"/>
  <testcase name="matchId" classname="com.compi.DemoLexerTest" time="0.002"/>
  <testcase name="noMatch" classname="com.compi.DemoLexerTest" time="0.004"/>
</testsuite>